<?xml version="1.0" encoding="UTF-8"?>
<testsuite name="com.coderhouse.h2.H2ApplicationTests" tests="1" skipped="0" failures="0" errors="0" timestamp="2022-01-19T04:27:41" hostname="jose" time="0.13">
  <properties/>
  <testcase name="contextLoads()" classname="com.coderhouse.h2.H2ApplicationTests" time="0.13"/>
  <system-out><![CDATA[?[34m23:27:38.278?[m [Test worker] ?[32mINFO ?[m ?[35mo.s.b.t.c.SpringBootTestContextBootstrapper?[m - Neither @ContextConfiguration nor @ContextHierarchy found for test class [com.coderhouse.h2.H2ApplicationTests], using SpringBootContextLoader
?[34m23:27:38.285?[m [Test worker] ?[32mINFO ?[m ?[35mo.s.t.c.s.AbstractContextLoader?[m - Could not detect default resource locations for test class [com.coderhouse.h2.H2ApplicationTests]: no resource found for suffixes {-context.xml, Context.groovy}.
?[34m23:27:38.286?[m [Test worker] ?[32mINFO ?[m ?[35mo.s.t.c.s.AnnotationConfigContextLoaderUtils?[m - Could not detect default configuration classes for test class [com.coderhouse.h2.H2ApplicationTests]: H2ApplicationTests does not declare any static, non-private, non-final, nested classes annotated with @Configuration.
?[34m23:27:38.370?[m [Test worker] ?[32mINFO ?[m ?[35mo.s.b.t.c.SpringBootTestContextBootstrapper?[m - Found @SpringBootConfiguration com.coderhouse.h2.H2Application for test class com.coderhouse.h2.H2ApplicationTests
?[34m23:27:38.437?[m [Test worker] ?[32mINFO ?[m ?[35mo.s.b.t.c.SpringBootTestContextBootstrapper?[m - Loaded default TestExecutionListener class names from location [META-INF/spring.factories]: [org.springframework.boot.test.autoconfigure.restdocs.RestDocsTestExecutionListener, org.springframework.boot.test.autoconfigure.web.client.MockRestServiceServerResetTestExecutionListener, org.springframework.boot.test.autoconfigure.web.servlet.MockMvcPrintOnlyOnFailureTestExecutionListener, org.springframework.boot.test.autoconfigure.web.servlet.WebDriverTestExecutionListener, org.springframework.boot.test.autoconfigure.webservices.client.MockWebServiceServerTestExecutionListener, org.springframework.boot.test.mock.mockito.MockitoTestExecutionListener, org.springframework.boot.test.mock.mockito.ResetMocksTestExecutionListener, org.springframework.test.context.web.ServletTestExecutionListener, org.springframework.test.context.support.DirtiesContextBeforeModesTestExecutionListener, org.springframework.test.context.event.ApplicationEventsTestExecutionListener, org.springframework.test.context.support.DependencyInjectionTestExecutionListener, org.springframework.test.context.support.DirtiesContextTestExecutionListener, org.springframework.test.context.transaction.TransactionalTestExecutionListener, org.springframework.test.context.jdbc.SqlScriptsTestExecutionListener, org.springframework.test.context.event.EventPublishingTestExecutionListener]
?[34m23:27:38.449?[m [Test worker] ?[32mINFO ?[m ?[35mo.s.b.t.c.SpringBootTestContextBootstrapper?[m - Using TestExecutionListeners: [org.springframework.test.context.web.ServletTestExecutionListener@5a4c638d, org.springframework.test.context.support.DirtiesContextBeforeModesTestExecutionListener@13e698c7, org.springframework.test.context.event.ApplicationEventsTestExecutionListener@aed0151, org.springframework.boot.test.mock.mockito.MockitoTestExecutionListener@267bbe1a, org.springframework.boot.test.autoconfigure.SpringBootDependencyInjectionTestExecutionListener@1f12e153, org.springframework.test.context.support.DirtiesContextTestExecutionListener@389562d6, org.springframework.test.context.transaction.TransactionalTestExecutionListener@5a101b1c, org.springframework.test.context.jdbc.SqlScriptsTestExecutionListener@2160e52a, org.springframework.test.context.event.EventPublishingTestExecutionListener@29f0802c, org.springframework.boot.test.autoconfigure.restdocs.RestDocsTestExecutionListener@3a60c416, org.springframework.boot.test.autoconfigure.web.client.MockRestServiceServerResetTestExecutionListener@60f2e0bd, org.springframework.boot.test.autoconfigure.web.servlet.MockMvcPrintOnlyOnFailureTestExecutionListener@469d003c, org.springframework.boot.test.autoconfigure.web.servlet.WebDriverTestExecutionListener@6b410923, org.springframework.boot.test.autoconfigure.webservices.client.MockWebServiceServerTestExecutionListener@57bd2029, org.springframework.boot.test.mock.mockito.ResetMocksTestExecutionListener@203dd56b]
2022-01-18 23:27:38,624 Test worker INFO Log4j appears to be running in a Servlet environment, but there's no log4j-web module available. If you want better web container support, please add the log4j-web JAR to your web archive or server lib directory.

  .   ____          _            __ _ _
 /\\ / ___'_ __ _ _(_)_ __  __ _ \ \ \ \
( ( )\___ | '_ | '_| | '_ \/ _` | \ \ \ \
 \\/  ___)| |_)| | | | | || (_| |  ) ) ) )
  '  |____| .__|_| |_|_| |_\__, | / / / /
 =========|_|==============|___/=/_/_/_/
 :: Spring Boot ::                (v2.6.2)

?[34m23:27:38.739?[m [Test worker] ?[32mINFO ?[m ?[35mc.c.h.H2ApplicationTests?[m - Starting H2ApplicationTests using Java 16.0.1 on jose with PID 9972 (started by jose in /home/jose/Workspaces/ejemplo-spring-boot-h2)
?[34m23:27:38.741?[m [Test worker] ?[36mDEBUG?[m ?[35mc.c.h.H2ApplicationTests?[m - Running with Spring Boot v2.6.2, Spring v5.3.14
?[34m23:27:38.746?[m [Test worker] ?[32mINFO ?[m ?[35mc.c.h.H2ApplicationTests?[m - No active profile set, falling back to default profiles: default
?[34m23:27:39.321?[m [Test worker] ?[32mINFO ?[m ?[35mo.s.d.r.c.RepositoryConfigurationDelegate?[m - Bootstrapping Spring Data JPA repositories in DEFAULT mode.
?[34m23:27:39.357?[m [Test worker] ?[32mINFO ?[m ?[35mo.s.d.r.c.RepositoryConfigurationDelegate?[m - Finished Spring Data repository scanning in 31 ms. Found 2 JPA repository interfaces.
?[34m23:27:39.739?[m [Test worker] ?[32mINFO ?[m ?[35mc.z.h.HikariDataSource?[m - HikariPool-1 - Starting...
?[34m23:27:39.907?[m [Test worker] ?[32mINFO ?[m ?[35mc.z.h.HikariDataSource?[m - HikariPool-1 - Start completed.
?[34m23:27:39.958?[m [Test worker] ?[32mINFO ?[m ?[35mo.h.j.i.u.LogHelper?[m - HHH000204: Processing PersistenceUnitInfo [name: default]
?[34m23:27:39.998?[m [Test worker] ?[32mINFO ?[m ?[35mo.h.Version?[m - HHH000412: Hibernate ORM core version 5.6.3.Final
?[34m23:27:40.126?[m [Test worker] ?[32mINFO ?[m ?[35mo.h.a.c.Version?[m - HCANN000001: Hibernate Commons Annotations {5.1.2.Final}
?[34m23:27:40.204?[m [Test worker] ?[32mINFO ?[m ?[35mo.h.d.Dialect?[m - HHH000400: Using dialect: org.hibernate.dialect.H2Dialect
?[34m23:27:40.587?[m [Test worker] ?[32mINFO ?[m ?[35mo.h.e.t.j.p.i.JtaPlatformInitiator?[m - HHH000490: Using JtaPlatform implementation: [org.hibernate.engine.transaction.jta.platform.internal.NoJtaPlatform]
?[34m23:27:40.592?[m [Test worker] ?[32mINFO ?[m ?[35mo.s.o.j.LocalContainerEntityManagerFactoryBean?[m - Initialized JPA EntityManagerFactory for persistence unit 'default'
?[34m23:27:41.045?[m [Test worker] ?[33mWARN ?[m ?[35mo.s.b.a.o.j.JpaBaseConfiguration$JpaWebConfiguration?[m - spring.jpa.open-in-view is enabled by default. Therefore, database queries may be performed during view rendering. Explicitly configure spring.jpa.open-in-view to disable this warning
?[34m23:27:41.555?[m [Test worker] ?[32mINFO ?[m ?[35mc.c.h.H2ApplicationTests?[m - Started H2ApplicationTests in 3.068 seconds (JVM running for 4.539)
]]></system-out>
  <system-err><![CDATA[]]></system-err>
</testsuite>
